<?xml version="1.0" encoding="UTF-8"?>
<!-- Generated by org.testng.reporters.JUnitReportReporter -->
<testsuite skipped="0" hostname="GM-PC" name="tests.Proba" tests="1" failures="0" timestamp="2021-06-08T21:54:11 CEST" time="10.652" errors="0">
  <testcase name="test" time="10.652" classname="tests.Proba"/>
  <system-out/>
</testsuite> <!-- tests.Proba -->
